2025-04-20 17:18:14 [right meow!] info: GET : http : localhost : /airplane/api/flight : ::1
2025-04-20 17:21:58 [right meow!] info: GET : http : localhost : /airplane/api/flight : ::1
2025-04-22 22:57:30 [right meow!] info: GET : http : localhost : /airplane/api/flight : ::1
2025-04-22 22:57:49 [right meow!] info: GET : http : localhost : /airplane/api/flight/filter?candidate=100&travel=BOM-CCU&date=19-04-2025&price=8000-9000 : ::1
2025-04-22 23:07:42 [right meow!] info: GET : http : localhost : /airplane/api/flight : ::1
2025-04-22 23:07:49 [right meow!] info: GET : http : localhost : /airplane/api/flight : ::1
2025-04-22 23:10:52 [right meow!] info: GET : http : localhost : /airplane/api/flight : ::1
2025-04-22 23:14:44 [right meow!] info: OPTIONS : http : localhost : /airplane/api/flight/filter?candidate=1&travel=CCU-CCU : ::1
2025-04-22 23:16:05 [right meow!] info: GET : http : localhost : /airplane/api/flight/filter?candidate=1&travel=CCU-CCU : ::1
2025-04-22 23:17:47 [right meow!] info: GET : http : localhost : /airplane/api/flight/filter?candidate=1&travel=CCU-CCU : ::1
2025-04-22 23:18:17 [right meow!] info: GET : http : localhost : /airplane/api/flight/filter?candidate=1&travel=CCU-CCU : ::1
2025-04-22 23:18:42 [right meow!] info: GET : http : localhost : /airplane/api/flight/filter?candidate=1&travel=CCU-CCU : ::1
2025-04-22 23:19:03 [right meow!] info: GET : http : localhost : /airplane/api/flight/filter?candidate=1&travel=CCU-CCU : ::1
2025-04-22 23:19:37 [right meow!] info: GET : http : localhost : /airplane/api/flight/filter?candidate=1&travel=CCU-CCU : ::1
2025-04-22 23:20:11 [right meow!] info: GET : http : localhost : /airplane/api/flight/filter?travel=BOM-CCU : ::1
2025-04-22 23:20:43 [right meow!] info: GET : http : localhost : /airplane/api/flight/filter?candidate=1&travel=CCU-CCU : ::1
2025-04-22 23:21:12 [right meow!] info: GET : http : localhost : /airplane/api/flight/filter?candidate=1&travel=BOM-CCU : ::1
2025-04-22 23:23:12 [right meow!] info: GET : http : localhost : /airplane/api/flight/filter?candidate=1&travel=CCU-CCU : ::1
2025-04-22 23:24:50 [right meow!] info: GET : http : localhost : /airplane/api/flight/filter?candidate=1&travel=CCU-BOM : ::1
2025-04-22 23:25:42 [right meow!] info: GET : http : localhost : /airplane/api/flight/filter?candidate=1&travel=CCU-BOM : ::1
2025-04-22 23:27:46 [right meow!] info: GET : http : localhost : /airplane/api/flight/filter?candidate=1&travel=CCU-BOM : ::1
2025-04-22 23:29:45 [right meow!] info: GET : http : localhost : /airplane/api/flight/filter?candidate=1&travel=CCU-BOM : ::1
2025-04-22 23:31:38 [right meow!] info: GET : http : localhost : /airplane/api/flight/filter?candidate=1&travel=BOM-CCU : ::1
2025-04-22 23:37:38 [right meow!] info: GET : http : localhost : /airplane/api/flight/filter?price=0-42000&travel=BOM-CCU : ::1
2025-04-22 23:37:38 [right meow!] info: GET : http : localhost : /airplane/api/flight/filter?price=0-44000&travel=BOM-CCU : ::1
2025-04-22 23:37:41 [right meow!] info: GET : http : localhost : /airplane/api/flight/filter?price=0-54000&travel=BOM-CCU : ::1
2025-04-22 23:37:41 [right meow!] info: GET : http : localhost : /airplane/api/flight/filter?price=0-52000&travel=BOM-CCU : ::1
2025-04-22 23:37:41 [right meow!] info: GET : http : localhost : /airplane/api/flight/filter?price=0-43000&travel=BOM-CCU : ::1
2025-04-22 23:37:41 [right meow!] info: GET : http : localhost : /airplane/api/flight/filter?price=0-38000&travel=BOM-CCU : ::1
2025-04-22 23:37:41 [right meow!] info: GET : http : localhost : /airplane/api/flight/filter?price=0-34000&travel=BOM-CCU : ::1
2025-04-22 23:37:41 [right meow!] info: GET : http : localhost : /airplane/api/flight/filter?price=0-29000&travel=BOM-CCU : ::1
2025-04-22 23:37:41 [right meow!] info: GET : http : localhost : /airplane/api/flight/filter?price=0-24000&travel=BOM-CCU : ::1
2025-04-22 23:37:41 [right meow!] info: GET : http : localhost : /airplane/api/flight/filter?price=0-20000&travel=BOM-CCU : ::1
2025-04-22 23:37:41 [right meow!] info: GET : http : localhost : /airplane/api/flight/filter?price=0-18000&travel=BOM-CCU : ::1
2025-04-22 23:37:41 [right meow!] info: GET : http : localhost : /airplane/api/flight/filter?price=0-17000&travel=BOM-CCU : ::1
2025-04-22 23:37:41 [right meow!] info: GET : http : localhost : /airplane/api/flight/filter?price=0-16000&travel=BOM-CCU : ::1
2025-04-22 23:37:41 [right meow!] info: GET : http : localhost : /airplane/api/flight/filter?price=0-15000&travel=BOM-CCU : ::1
2025-04-22 23:37:42 [right meow!] info: GET : http : localhost : /airplane/api/flight/filter?price=0-12000&travel=BOM-CCU : ::1
2025-04-22 23:37:42 [right meow!] info: GET : http : localhost : /airplane/api/flight/filter?price=0-10000&travel=BOM-CCU : ::1
2025-04-22 23:37:42 [right meow!] info: GET : http : localhost : /airplane/api/flight/filter?price=0-8000&travel=BOM-CCU : ::1
2025-04-22 23:37:42 [right meow!] info: GET : http : localhost : /airplane/api/flight/filter?price=0-7000&travel=BOM-CCU : ::1
2025-04-22 23:37:42 [right meow!] info: GET : http : localhost : /airplane/api/flight/filter?price=0-6000&travel=BOM-CCU : ::1
2025-04-22 23:37:42 [right meow!] info: GET : http : localhost : /airplane/api/flight/filter?price=0-5000&travel=BOM-CCU : ::1
2025-04-22 23:37:42 [right meow!] info: GET : http : localhost : /airplane/api/flight/filter?price=0-4000&travel=BOM-CCU : ::1
2025-04-22 23:37:42 [right meow!] info: GET : http : localhost : /airplane/api/flight/filter?price=0-3000&travel=BOM-CCU : ::1
2025-04-22 23:38:23 [right meow!] info: GET : http : localhost : /airplane/api/flight/filter?candidate=1&travel=CCU-BOM : ::1
2025-04-22 23:38:25 [right meow!] info: GET : http : localhost : /airplane/api/flight/filter?price=0-100000&travel=CCU-BOM : ::1
2025-04-22 23:38:25 [right meow!] info: GET : http : localhost : /airplane/api/flight/filter?price=0-96000&travel=CCU-BOM : ::1
2025-04-22 23:38:25 [right meow!] info: GET : http : localhost : /airplane/api/flight/filter?price=0-81000&travel=CCU-BOM : ::1
2025-04-22 23:38:43 [right meow!] info: GET : http : localhost : /airplane/api/flight/filter?price=0-80000&travel=CCU-BOM : ::1
2025-04-22 23:38:43 [right meow!] info: GET : http : localhost : /airplane/api/flight/filter?price=0-79000&travel=CCU-BOM : ::1
2025-04-22 23:38:43 [right meow!] info: GET : http : localhost : /airplane/api/flight/filter?price=0-49000&travel=CCU-BOM : ::1
2025-04-22 23:38:43 [right meow!] info: GET : http : localhost : /airplane/api/flight/filter?price=0-37000&travel=CCU-BOM : ::1
2025-04-22 23:38:43 [right meow!] info: GET : http : localhost : /airplane/api/flight/filter?price=0-34000&travel=CCU-BOM : ::1
2025-04-22 23:38:43 [right meow!] info: GET : http : localhost : /airplane/api/flight/filter?price=0-33000&travel=CCU-BOM : ::1
2025-04-22 23:38:43 [right meow!] info: GET : http : localhost : /airplane/api/flight/filter?price=0-29000&travel=CCU-BOM : ::1
2025-04-22 23:38:43 [right meow!] info: GET : http : localhost : /airplane/api/flight/filter?price=0-21000&travel=CCU-BOM : ::1
2025-04-22 23:38:44 [right meow!] info: GET : http : localhost : /airplane/api/flight/filter?price=0-16000&travel=CCU-BOM : ::1
2025-04-22 23:38:44 [right meow!] info: GET : http : localhost : /airplane/api/flight/filter?price=0-13000&travel=CCU-BOM : ::1
2025-04-22 23:38:44 [right meow!] info: GET : http : localhost : /airplane/api/flight/filter?price=0-12000&travel=CCU-BOM : ::1
2025-04-22 23:38:44 [right meow!] info: GET : http : localhost : /airplane/api/flight/filter?price=0-11000&travel=CCU-BOM : ::1
2025-04-22 23:38:45 [right meow!] info: GET : http : localhost : /airplane/api/flight/filter?price=0-10000&travel=CCU-BOM : ::1
2025-04-22 23:38:45 [right meow!] info: GET : http : localhost : /airplane/api/flight/filter?price=0-9000&travel=CCU-BOM : ::1
2025-04-22 23:38:45 [right meow!] info: GET : http : localhost : /airplane/api/flight/filter?price=0-3000&travel=CCU-BOM : ::1
2025-04-22 23:38:55 [right meow!] info: GET : http : localhost : /airplane/api/flight/filter?candidate=1&travel=CCU-BOM : ::1
2025-04-22 23:38:58 [right meow!] info: GET : http : localhost : /airplane/api/flight/filter?price=0-2000&travel=CCU-BOM : ::1
2025-04-22 23:39:43 [right meow!] info: GET : http : localhost : /airplane/api/flight/filter?candidate=1&travel=CCU-BOM : ::1
2025-04-22 23:39:45 [right meow!] info: GET : http : localhost : /airplane/api/flight/filter?price=0-3000&travel=CCU-BOM : ::1
2025-04-22 23:39:47 [right meow!] info: GET : http : localhost : /airplane/api/flight/filter?candidate=1&travel=CCU-BOM : ::1
2025-04-22 23:39:49 [right meow!] info: GET : http : localhost : /airplane/api/flight/filter?price=0-17000&travel=CCU-BOM : ::1
2025-04-22 23:39:49 [right meow!] info: GET : http : localhost : /airplane/api/flight/filter?price=0-18000&travel=CCU-BOM : ::1
2025-04-22 23:39:49 [right meow!] info: GET : http : localhost : /airplane/api/flight/filter?price=0-17000&travel=CCU-BOM : ::1
2025-04-22 23:39:50 [right meow!] info: GET : http : localhost : /airplane/api/flight/filter?price=0-16000&travel=CCU-BOM : ::1
2025-04-22 23:39:50 [right meow!] info: GET : http : localhost : /airplane/api/flight/filter?price=0-15000&travel=CCU-BOM : ::1
2025-04-22 23:39:50 [right meow!] info: GET : http : localhost : /airplane/api/flight/filter?price=0-14000&travel=CCU-BOM : ::1
2025-04-22 23:39:50 [right meow!] info: GET : http : localhost : /airplane/api/flight/filter?price=0-13000&travel=CCU-BOM : ::1
2025-04-22 23:39:50 [right meow!] info: GET : http : localhost : /airplane/api/flight/filter?price=0-12000&travel=CCU-BOM : ::1
2025-04-22 23:39:51 [right meow!] info: GET : http : localhost : /airplane/api/flight/filter?price=0-10000&travel=CCU-BOM : ::1
2025-04-22 23:39:51 [right meow!] info: GET : http : localhost : /airplane/api/flight/filter?price=0-9000&travel=CCU-BOM : ::1
2025-04-22 23:39:52 [right meow!] info: GET : http : localhost : /airplane/api/flight/filter?price=0-8000&travel=CCU-BOM : ::1
2025-04-22 23:39:55 [right meow!] info: GET : http : localhost : /airplane/api/flight/filter?price=0-9000&travel=CCU-BOM : ::1
2025-04-22 23:39:55 [right meow!] info: GET : http : localhost : /airplane/api/flight/filter?price=0-10000&travel=CCU-BOM : ::1
2025-04-22 23:39:55 [right meow!] info: GET : http : localhost : /airplane/api/flight/filter?price=0-11000&travel=CCU-BOM : ::1
2025-04-22 23:39:56 [right meow!] info: GET : http : localhost : /airplane/api/flight/filter?price=0-12000&travel=CCU-BOM : ::1
2025-04-22 23:39:56 [right meow!] info: GET : http : localhost : /airplane/api/flight/filter?price=0-13000&travel=CCU-BOM : ::1
2025-04-22 23:39:56 [right meow!] info: GET : http : localhost : /airplane/api/flight/filter?price=0-14000&travel=CCU-BOM : ::1
2025-04-22 23:39:56 [right meow!] info: GET : http : localhost : /airplane/api/flight/filter?price=0-15000&travel=CCU-BOM : ::1
2025-04-22 23:39:56 [right meow!] info: GET : http : localhost : /airplane/api/flight/filter?price=0-16000&travel=CCU-BOM : ::1
2025-04-22 23:39:56 [right meow!] info: GET : http : localhost : /airplane/api/flight/filter?price=0-17000&travel=CCU-BOM : ::1
2025-04-22 23:39:56 [right meow!] info: GET : http : localhost : /airplane/api/flight/filter?price=0-16000&travel=CCU-BOM : ::1
2025-04-22 23:39:56 [right meow!] info: GET : http : localhost : /airplane/api/flight/filter?price=0-15000&travel=CCU-BOM : ::1
2025-04-22 23:39:56 [right meow!] info: GET : http : localhost : /airplane/api/flight/filter?price=0-13000&travel=CCU-BOM : ::1
2025-04-22 23:39:57 [right meow!] info: GET : http : localhost : /airplane/api/flight/filter?price=0-12000&travel=CCU-BOM : ::1
2025-04-22 23:39:57 [right meow!] info: GET : http : localhost : /airplane/api/flight/filter?price=0-11000&travel=CCU-BOM : ::1
2025-04-22 23:39:57 [right meow!] info: GET : http : localhost : /airplane/api/flight/filter?price=0-10000&travel=CCU-BOM : ::1
2025-04-22 23:39:58 [right meow!] info: GET : http : localhost : /airplane/api/flight/filter?price=0-9000&travel=CCU-BOM : ::1
2025-04-22 23:39:58 [right meow!] info: GET : http : localhost : /airplane/api/flight/filter?price=0-10000&travel=CCU-BOM : ::1
2025-04-22 23:39:58 [right meow!] info: GET : http : localhost : /airplane/api/flight/filter?price=0-11000&travel=CCU-BOM : ::1
2025-04-22 23:39:58 [right meow!] info: GET : http : localhost : /airplane/api/flight/filter?price=0-12000&travel=CCU-BOM : ::1
2025-04-22 23:39:59 [right meow!] info: GET : http : localhost : /airplane/api/flight/filter?price=0-11000&travel=CCU-BOM : ::1
2025-04-22 23:39:59 [right meow!] info: GET : http : localhost : /airplane/api/flight/filter?price=0-10000&travel=CCU-BOM : ::1
2025-04-22 23:40:00 [right meow!] info: GET : http : localhost : /airplane/api/flight/filter?price=0-9000&travel=CCU-BOM : ::1
2025-04-22 23:40:00 [right meow!] info: GET : http : localhost : /airplane/api/flight/filter?price=0-10000&travel=CCU-BOM : ::1
2025-04-22 23:40:00 [right meow!] info: GET : http : localhost : /airplane/api/flight/filter?price=0-11000&travel=CCU-BOM : ::1
2025-04-22 23:40:01 [right meow!] info: GET : http : localhost : /airplane/api/flight/filter?price=0-12000&travel=CCU-BOM : ::1
2025-04-22 23:40:01 [right meow!] info: GET : http : localhost : /airplane/api/flight/filter?price=0-13000&travel=CCU-BOM : ::1
2025-04-22 23:40:01 [right meow!] info: GET : http : localhost : /airplane/api/flight/filter?price=0-14000&travel=CCU-BOM : ::1
2025-04-22 23:40:01 [right meow!] info: GET : http : localhost : /airplane/api/flight/filter?price=0-15000&travel=CCU-BOM : ::1
2025-04-22 23:40:01 [right meow!] info: GET : http : localhost : /airplane/api/flight/filter?price=0-16000&travel=CCU-BOM : ::1
2025-04-22 23:40:01 [right meow!] info: GET : http : localhost : /airplane/api/flight/filter?price=0-17000&travel=CCU-BOM : ::1
2025-04-22 23:40:01 [right meow!] info: GET : http : localhost : /airplane/api/flight/filter?price=0-18000&travel=CCU-BOM : ::1
2025-04-22 23:40:01 [right meow!] info: GET : http : localhost : /airplane/api/flight/filter?price=0-19000&travel=CCU-BOM : ::1
2025-04-22 23:40:01 [right meow!] info: GET : http : localhost : /airplane/api/flight/filter?price=0-20000&travel=CCU-BOM : ::1
2025-04-22 23:40:01 [right meow!] info: GET : http : localhost : /airplane/api/flight/filter?price=0-24000&travel=CCU-BOM : ::1
2025-04-22 23:40:02 [right meow!] info: GET : http : localhost : /airplane/api/flight/filter?price=0-25000&travel=CCU-BOM : ::1
2025-04-22 23:40:02 [right meow!] info: GET : http : localhost : /airplane/api/flight/filter?price=0-26000&travel=CCU-BOM : ::1
2025-04-22 23:40:02 [right meow!] info: GET : http : localhost : /airplane/api/flight/filter?price=0-27000&travel=CCU-BOM : ::1
2025-04-22 23:40:02 [right meow!] info: GET : http : localhost : /airplane/api/flight/filter?price=0-28000&travel=CCU-BOM : ::1
2025-04-22 23:40:02 [right meow!] info: GET : http : localhost : /airplane/api/flight/filter?price=0-29000&travel=CCU-BOM : ::1
2025-04-22 23:40:02 [right meow!] info: GET : http : localhost : /airplane/api/flight/filter?price=0-30000&travel=CCU-BOM : ::1
2025-04-22 23:40:02 [right meow!] info: GET : http : localhost : /airplane/api/flight/filter?price=0-31000&travel=CCU-BOM : ::1
2025-04-22 23:40:02 [right meow!] info: GET : http : localhost : /airplane/api/flight/filter?price=0-33000&travel=CCU-BOM : ::1
2025-04-22 23:40:02 [right meow!] info: GET : http : localhost : /airplane/api/flight/filter?price=0-34000&travel=CCU-BOM : ::1
2025-04-22 23:40:02 [right meow!] info: GET : http : localhost : /airplane/api/flight/filter?price=0-39000&travel=CCU-BOM : ::1
2025-04-22 23:40:02 [right meow!] info: GET : http : localhost : /airplane/api/flight/filter?price=0-40000&travel=CCU-BOM : ::1
2025-04-22 23:40:02 [right meow!] info: GET : http : localhost : /airplane/api/flight/filter?price=0-41000&travel=CCU-BOM : ::1
2025-04-22 23:40:02 [right meow!] info: GET : http : localhost : /airplane/api/flight/filter?price=0-44000&travel=CCU-BOM : ::1
2025-04-22 23:40:02 [right meow!] info: GET : http : localhost : /airplane/api/flight/filter?price=0-48000&travel=CCU-BOM : ::1
2025-04-22 23:40:02 [right meow!] info: GET : http : localhost : /airplane/api/flight/filter?price=0-51000&travel=CCU-BOM : ::1
2025-04-22 23:40:02 [right meow!] info: GET : http : localhost : /airplane/api/flight/filter?price=0-53000&travel=CCU-BOM : ::1
2025-04-22 23:40:03 [right meow!] info: GET : http : localhost : /airplane/api/flight/filter?price=0-56000&travel=CCU-BOM : ::1
2025-04-22 23:40:03 [right meow!] info: GET : http : localhost : /airplane/api/flight/filter?price=0-57000&travel=CCU-BOM : ::1
2025-04-22 23:40:03 [right meow!] info: GET : http : localhost : /airplane/api/flight/filter?price=0-59000&travel=CCU-BOM : ::1
2025-04-22 23:40:03 [right meow!] info: GET : http : localhost : /airplane/api/flight/filter?price=0-62000&travel=CCU-BOM : ::1
2025-04-22 23:40:03 [right meow!] info: GET : http : localhost : /airplane/api/flight/filter?price=0-63000&travel=CCU-BOM : ::1
2025-04-22 23:40:03 [right meow!] info: GET : http : localhost : /airplane/api/flight/filter?price=0-68000&travel=CCU-BOM : ::1
2025-04-22 23:40:03 [right meow!] info: GET : http : localhost : /airplane/api/flight/filter?price=0-72000&travel=CCU-BOM : ::1
2025-04-22 23:40:03 [right meow!] info: GET : http : localhost : /airplane/api/flight/filter?price=0-75000&travel=CCU-BOM : ::1
2025-04-22 23:40:03 [right meow!] info: GET : http : localhost : /airplane/api/flight/filter?price=0-79000&travel=CCU-BOM : ::1
2025-04-22 23:40:03 [right meow!] info: GET : http : localhost : /airplane/api/flight/filter?price=0-81000&travel=CCU-BOM : ::1
2025-04-22 23:40:03 [right meow!] info: GET : http : localhost : /airplane/api/flight/filter?price=0-84000&travel=CCU-BOM : ::1
2025-04-22 23:40:03 [right meow!] info: GET : http : localhost : /airplane/api/flight/filter?price=0-87000&travel=CCU-BOM : ::1
2025-04-22 23:40:03 [right meow!] info: GET : http : localhost : /airplane/api/flight/filter?price=0-88000&travel=CCU-BOM : ::1
2025-04-22 23:40:03 [right meow!] info: GET : http : localhost : /airplane/api/flight/filter?price=0-89000&travel=CCU-BOM : ::1
2025-04-22 23:40:03 [right meow!] info: GET : http : localhost : /airplane/api/flight/filter?price=0-90000&travel=CCU-BOM : ::1
2025-04-22 23:40:03 [right meow!] info: GET : http : localhost : /airplane/api/flight/filter?price=0-89000&travel=CCU-BOM : ::1
2025-04-22 23:40:03 [right meow!] info: GET : http : localhost : /airplane/api/flight/filter?price=0-86000&travel=CCU-BOM : ::1
2025-04-22 23:40:03 [right meow!] info: GET : http : localhost : /airplane/api/flight/filter?price=0-74000&travel=CCU-BOM : ::1
2025-04-22 23:40:04 [right meow!] info: GET : http : localhost : /airplane/api/flight/filter?price=0-63000&travel=CCU-BOM : ::1
2025-04-22 23:40:04 [right meow!] info: GET : http : localhost : /airplane/api/flight/filter?price=0-59000&travel=CCU-BOM : ::1
2025-04-22 23:40:04 [right meow!] info: GET : http : localhost : /airplane/api/flight/filter?price=0-48000&travel=CCU-BOM : ::1
2025-04-22 23:40:04 [right meow!] info: GET : http : localhost : /airplane/api/flight/filter?price=0-42000&travel=CCU-BOM : ::1
2025-04-22 23:40:04 [right meow!] info: GET : http : localhost : /airplane/api/flight/filter?price=0-38000&travel=CCU-BOM : ::1
2025-04-22 23:40:04 [right meow!] info: GET : http : localhost : /airplane/api/flight/filter?price=0-32000&travel=CCU-BOM : ::1
2025-04-22 23:40:04 [right meow!] info: GET : http : localhost : /airplane/api/flight/filter?price=0-30000&travel=CCU-BOM : ::1
2025-04-22 23:40:04 [right meow!] info: GET : http : localhost : /airplane/api/flight/filter?price=0-26000&travel=CCU-BOM : ::1
2025-04-22 23:40:04 [right meow!] info: GET : http : localhost : /airplane/api/flight/filter?price=0-24000&travel=CCU-BOM : ::1
2025-04-22 23:40:04 [right meow!] info: GET : http : localhost : /airplane/api/flight/filter?price=0-22000&travel=CCU-BOM : ::1
2025-04-22 23:40:04 [right meow!] info: GET : http : localhost : /airplane/api/flight/filter?price=0-19000&travel=CCU-BOM : ::1
2025-04-22 23:40:04 [right meow!] info: GET : http : localhost : /airplane/api/flight/filter?price=0-17000&travel=CCU-BOM : ::1
2025-04-22 23:40:04 [right meow!] info: GET : http : localhost : /airplane/api/flight/filter?price=0-15000&travel=CCU-BOM : ::1
2025-04-22 23:40:04 [right meow!] info: GET : http : localhost : /airplane/api/flight/filter?price=0-14000&travel=CCU-BOM : ::1
2025-04-22 23:40:04 [right meow!] info: GET : http : localhost : /airplane/api/flight/filter?price=0-13000&travel=CCU-BOM : ::1
2025-04-22 23:40:04 [right meow!] info: GET : http : localhost : /airplane/api/flight/filter?price=0-12000&travel=CCU-BOM : ::1
2025-04-22 23:40:04 [right meow!] info: GET : http : localhost : /airplane/api/flight/filter?price=0-11000&travel=CCU-BOM : ::1
2025-04-22 23:40:04 [right meow!] info: GET : http : localhost : /airplane/api/flight/filter?price=0-10000&travel=CCU-BOM : ::1
2025-04-22 23:40:04 [right meow!] info: GET : http : localhost : /airplane/api/flight/filter?price=0-9000&travel=CCU-BOM : ::1
2025-04-22 23:40:04 [right meow!] info: GET : http : localhost : /airplane/api/flight/filter?price=0-8000&travel=CCU-BOM : ::1
2025-04-22 23:40:05 [right meow!] info: GET : http : localhost : /airplane/api/flight/filter?price=0-7000&travel=CCU-BOM : ::1
2025-04-22 23:40:05 [right meow!] info: GET : http : localhost : /airplane/api/flight/filter?price=0-8000&travel=CCU-BOM : ::1
2025-04-22 23:40:05 [right meow!] info: GET : http : localhost : /airplane/api/flight/filter?price=0-9000&travel=CCU-BOM : ::1
2025-04-22 23:40:05 [right meow!] info: GET : http : localhost : /airplane/api/flight/filter?price=0-10000&travel=CCU-BOM : ::1
2025-04-22 23:40:05 [right meow!] info: GET : http : localhost : /airplane/api/flight/filter?price=0-11000&travel=CCU-BOM : ::1
2025-04-22 23:40:05 [right meow!] info: GET : http : localhost : /airplane/api/flight/filter?price=0-12000&travel=CCU-BOM : ::1
2025-04-22 23:40:05 [right meow!] info: GET : http : localhost : /airplane/api/flight/filter?price=0-13000&travel=CCU-BOM : ::1
2025-04-22 23:40:06 [right meow!] info: GET : http : localhost : /airplane/api/flight/filter?price=0-14000&travel=CCU-BOM : ::1
2025-04-22 23:41:24 [right meow!] info: GET : http : localhost : /airplane/api/flight/filter?candidate=1&travel=CCU-BOM : ::1
2025-04-22 23:43:30 [right meow!] info: GET : http : localhost : /airplane/api/flight/filter?candidate=1&travel=CCU-BOM : ::1
2025-04-22 23:44:04 [right meow!] info: GET : http : localhost : /airplane/api/flight/filter?candidate=1&date=22-04-2025&travel=CCU-BOM : ::1
2025-04-22 23:44:08 [right meow!] info: GET : http : localhost : /airplane/api/flight/filter?candidate=1&date=23-04-2025&travel=CCU-BOM : ::1
2025-04-22 23:44:15 [right meow!] info: GET : http : localhost : /airplane/api/flight/filter?candidate=1&date=24-04-2025&travel=CCU-BOM : ::1
2025-04-22 23:47:07 [right meow!] info: GET : http : localhost : /airplane/api/flight/filter?candidate=1&date=24-04-2025&travel=CCU-BOM : ::1
2025-04-22 23:47:10 [right meow!] info: GET : http : localhost : /airplane/api/flight/filter?candidate=1&date=24-04-2025&travel=CCU-BOM : ::1
2025-04-22 23:47:15 [right meow!] info: GET : http : localhost : /airplane/api/flight/filter?candidate=1&date=23-04-2025&travel=CCU-BOM : ::1
2025-04-22 23:47:38 [right meow!] info: GET : http : localhost : /airplane/api/flight/filter?candidate=1&date=23-04-2025&travel=CCU-BOM : ::1
2025-04-22 23:50:19 [right meow!] info: GET : http : localhost : /airplane/api/flight/filter?price=0-100000&travel=- : ::1
2025-04-22 23:50:22 [right meow!] info: GET : http : localhost : /airplane/api/flight/filter?candidate=1&travel=- : ::1
2025-04-22 23:50:25 [right meow!] info: GET : http : localhost : /airplane/api/flight/filter?candidate=1&travel=- : ::1
2025-04-22 23:51:19 [right meow!] info: GET : http : localhost : /airplane/api/flight : ::1
2025-04-22 23:51:28 [right meow!] info: GET : http : localhost : /airplane/api/flight/filter?candidate=1&travel=CCU-DEL : ::1
2025-04-22 23:52:10 [right meow!] info: GET : http : localhost : /airplane/api/flight/filter?price=0-100000&travel=- : ::1
2025-04-22 23:52:10 [right meow!] info: GET : http : localhost : /airplane/api/flight/filter?price=0-98000&travel=- : ::1
2025-04-22 23:52:10 [right meow!] info: GET : http : localhost : /airplane/api/flight/filter?price=0-93000&travel=- : ::1
2025-04-22 23:52:14 [right meow!] info: GET : http : localhost : /airplane/api/flight/filter?candidate=1&travel=- : ::1
2025-04-23 00:03:49 [right meow!] info: GET : http : localhost : /airplane/api/flight/filter?candidate=1&price=8000-9000&travel=CCU-CCU : ::1
2025-04-23 00:04:09 [right meow!] info: GET : http : localhost : /airplane/api/flight/filter?travel=CCU-CCU : ::1
2025-04-23 00:04:53 [right meow!] info: GET : http : localhost : /airplane/api/flight/filter?travel=CCU-CCU : ::1
2025-04-23 00:05:30 [right meow!] info: GET : http : localhost : /airplane/api/flight/filter?travel=CCU-BOM : ::1
2025-04-23 00:07:59 [right meow!] info: GET : http : localhost : /airplane/api/flight/filter?travel=CCU-BOM : ::1
2025-04-23 00:10:37 [right meow!] info: GET : http : localhost : /airplane/api/flight/filter?travel=CCU-BOM : ::1
2025-04-23 00:10:41 [right meow!] info: GET : http : localhost : /airplane/api/flight/filter?travel=CCU-BOM : ::1
2025-04-23 00:11:36 [right meow!] info: GET : http : localhost : /airplane/api/flight/filter?travel=CCU-BOM : ::1
2025-04-23 00:11:40 [right meow!] info: GET : http : localhost : /airplane/api/flight/filter?travel=CCU-BOM : ::1
2025-04-23 00:12:48 [right meow!] info: GET : http : localhost : /airplane/api/flight/filter?travel=CCU-BOM : ::1
2025-04-23 00:13:31 [right meow!] info: GET : http : localhost : /airplane/api/flight/filter?travel=CCU-BOM : ::1
2025-04-23 00:13:41 [right meow!] info: GET : http : localhost : /airplane/api/flight/filter?travel=CCU-BOM : ::1
2025-04-23 00:14:22 [right meow!] info: GET : http : localhost : /airplane/api/flight/filter?travel=CCU-BOM : ::1
2025-04-23 00:14:43 [right meow!] info: GET : http : localhost : /airplane/api/flight/filter?travel=CCU-BOM : ::1
2025-04-23 00:15:32 [right meow!] info: GET : http : localhost : /airplane/api/flight/filter?travel=CCU-BOM : ::1
2025-04-23 00:16:55 [right meow!] info: GET : http : localhost : /airplane/api/flight/filter?travel=CCU-BOM : ::1
2025-04-23 00:19:25 [right meow!] info: GET : http : localhost : /airplane/api/flight/filter?travel=CCU-BOM : ::1
2025-04-23 00:21:03 [right meow!] info: GET : http : localhost : /airplane/api/flight/filter?travel=CCU-BOM : ::1
2025-04-23 00:22:50 [right meow!] info: GET : http : localhost : /airplane/api/flight/filter?travel=CCU-BOM : ::1
2025-04-23 00:24:07 [right meow!] info: GET : http : localhost : /airplane/api/flight/filter?travel=CCU-BOM : ::1
2025-04-23 00:25:33 [right meow!] info: GET : http : localhost : /airplane/api/flight/filter?candidate=1&travel=CCU-BOM : ::1
2025-04-23 00:28:05 [right meow!] info: GET : http : localhost : /airplane/api/flight/filter?candidate=1&travel=CCU-BOM : ::1
2025-04-23 00:29:03 [right meow!] info: GET : http : localhost : /airplane/api/flight/filter?candidate=1&travel=CCU-BOM : ::1
2025-04-23 00:29:39 [right meow!] info: GET : http : localhost : /airplane/api/flight/filter?candidate=1&travel=CCU-BOM : ::1
2025-04-23 00:31:17 [right meow!] info: GET : http : localhost : /airplane/api/flight/filter?candidate=1&travel=CCU-BOM : ::1
2025-04-23 00:35:06 [right meow!] info: GET : http : localhost : /airplane/api/flight/filter?candidate=1&travel=CCU-BOM : ::1
2025-04-23 00:35:56 [right meow!] info: GET : http : localhost : /airplane/api/flight/filter?candidate=1&travel=CCU-BOM : ::1
2025-04-23 00:35:59 [right meow!] info: GET : http : localhost : /airplane/api/flight/filter?price=0-100000&travel=CCU-BOM : ::1
2025-04-23 00:36:00 [right meow!] info: GET : http : localhost : /airplane/api/flight/filter?price=0-13659&travel=CCU-BOM : ::1
2025-04-23 00:36:00 [right meow!] info: GET : http : localhost : /airplane/api/flight/filter?price=0-13159&travel=CCU-BOM : ::1
2025-04-23 00:36:01 [right meow!] info: GET : http : localhost : /airplane/api/flight/filter?price=0-9659&travel=CCU-BOM : ::1
2025-04-23 00:36:02 [right meow!] info: GET : http : localhost : /airplane/api/flight/filter?price=0-9159&travel=CCU-BOM : ::1
2025-04-23 00:36:02 [right meow!] info: GET : http : localhost : /airplane/api/flight/filter?price=0-8659&travel=CCU-BOM : ::1
2025-04-23 00:36:03 [right meow!] info: GET : http : localhost : /airplane/api/flight/filter?price=0-8159&travel=CCU-BOM : ::1
2025-04-23 00:36:19 [right meow!] info: GET : http : localhost : /airplane/api/flight/filter?candidate=1&travel=CCU-BOM : ::1
2025-04-23 00:36:23 [right meow!] info: GET : http : localhost : /airplane/api/flight/filter?price=0-4159&travel=CCU-BOM : ::1
2025-04-23 00:36:23 [right meow!] info: GET : http : localhost : /airplane/api/flight/filter?price=0-4659&travel=CCU-BOM : ::1
2025-04-23 00:36:23 [right meow!] info: GET : http : localhost : /airplane/api/flight/filter?price=0-6159&travel=CCU-BOM : ::1
2025-04-23 00:36:23 [right meow!] info: GET : http : localhost : /airplane/api/flight/filter?price=0-7159&travel=CCU-BOM : ::1
2025-04-23 00:36:23 [right meow!] info: GET : http : localhost : /airplane/api/flight/filter?price=0-7659&travel=CCU-BOM : ::1
2025-04-23 00:36:33 [right meow!] info: GET : http : localhost : /airplane/api/flight/filter?candidate=1&travel=CCU-BOM : ::1
2025-04-23 00:38:02 [right meow!] info: GET : http : localhost : /airplane/api/flight/filter?candidate=1&travel=CCU-BOM : ::1
2025-04-23 00:38:06 [right meow!] info: GET : http : localhost : /airplane/api/flight/filter?price=0-0&travel=CCU-BOM : ::1
2025-04-23 00:38:06 [right meow!] info: GET : http : localhost : /airplane/api/flight/filter?price=0-4659&travel=CCU-BOM : ::1
2025-04-23 00:38:06 [right meow!] info: GET : http : localhost : /airplane/api/flight/filter?price=0-5659&travel=CCU-BOM : ::1
2025-04-23 00:38:06 [right meow!] info: GET : http : localhost : /airplane/api/flight/filter?price=0-6659&travel=CCU-BOM : ::1
2025-04-23 00:38:06 [right meow!] info: GET : http : localhost : /airplane/api/flight/filter?price=0-7159&travel=CCU-BOM : ::1
2025-04-23 00:38:06 [right meow!] info: GET : http : localhost : /airplane/api/flight/filter?price=0-8159&travel=CCU-BOM : ::1
2025-04-23 00:38:06 [right meow!] info: GET : http : localhost : /airplane/api/flight/filter?price=0-8659&travel=CCU-BOM : ::1
2025-04-23 00:38:06 [right meow!] info: GET : http : localhost : /airplane/api/flight/filter?price=0-9159&travel=CCU-BOM : ::1
2025-04-23 00:38:06 [right meow!] info: GET : http : localhost : /airplane/api/flight/filter?price=0-8761&travel=CCU-BOM : ::1
2025-04-23 00:38:06 [right meow!] info: GET : http : localhost : /airplane/api/flight/filter?price=0-8761&travel=CCU-BOM : ::1
2025-04-23 00:38:06 [right meow!] info: GET : http : localhost : /airplane/api/flight/filter?price=0-6659&travel=CCU-BOM : ::1
2025-04-23 00:38:26 [right meow!] info: GET : http : localhost : /airplane/api/flight/filter?candidate=1&travel=CCU-BOM : ::1
2025-04-23 00:38:28 [right meow!] info: GET : http : localhost : /airplane/api/flight/filter?price=0-0&travel=CCU-BOM : ::1
2025-04-23 00:41:17 [right meow!] info: GET : http : localhost : /airplane/api/flight/filter?candidate=1&travel=CCU-BOM : ::1
2025-04-23 00:41:20 [right meow!] info: GET : http : localhost : /airplane/api/flight/filter?price=0-0&travel=CCU-BOM : ::1
2025-04-23 00:41:20 [right meow!] info: GET : http : localhost : /airplane/api/flight/filter?price=0-4659&travel=CCU-BOM : ::1
2025-04-23 00:41:20 [right meow!] info: GET : http : localhost : /airplane/api/flight/filter?price=0-5159&travel=CCU-BOM : ::1
2025-04-23 00:41:20 [right meow!] info: GET : http : localhost : /airplane/api/flight/filter?price=0-5659&travel=CCU-BOM : ::1
2025-04-23 00:42:04 [right meow!] info: GET : http : localhost : /airplane/api/flight/filter?candidate=1&travel=CCU-BOM : ::1
2025-04-23 00:42:11 [right meow!] info: GET : http : localhost : /airplane/api/flight/filter?price=0-[object%20Object]&travel=CCU-BOM : ::1
2025-04-23 00:42:11 [right meow!] info: GET : http : localhost : /airplane/api/flight/filter?price=0-9659&travel=CCU-BOM : ::1
2025-04-23 00:42:11 [right meow!] info: GET : http : localhost : /airplane/api/flight/filter?price=0-[object%20Object]&travel=CCU-BOM : ::1
2025-04-23 00:42:13 [right meow!] info: GET : http : localhost : /airplane/api/flight/filter?price=0-7159&travel=CCU-BOM : ::1
2025-04-23 00:42:15 [right meow!] info: GET : http : localhost : /airplane/api/flight/filter?price=0-[object%20Object]&travel=CCU-BOM : ::1
2025-04-23 00:45:36 [right meow!] info: GET : http : localhost : /airplane/api/flight/filter?candidate=1&travel=CCU-BOM : ::1
2025-04-23 00:51:36 [right meow!] info: GET : http : localhost : /airplane/api/flight/filter?candidate=1&travel=CCU-BOM : ::1
2025-04-23 00:52:41 [right meow!] info: GET : http : localhost : /airplane/api/flight/filter?candidate=1&travel=CCU-BOM : ::1
2025-04-23 00:55:34 [right meow!] info: GET : http : localhost : /airplane/api/flight/filter?candidate=1&travel=CCU-BOM : ::1
2025-04-23 00:55:36 [right meow!] info: GET : http : localhost : /airplane/api/flight/filter?price=0-14256&travel=CCU-BOM : ::1
2025-04-23 00:55:36 [right meow!] info: GET : http : localhost : /airplane/api/flight/filter?price=0-13659&travel=CCU-BOM : ::1
2025-04-23 00:55:36 [right meow!] info: GET : http : localhost : /airplane/api/flight/filter?price=0-13159&travel=CCU-BOM : ::1
2025-04-23 00:55:36 [right meow!] info: GET : http : localhost : /airplane/api/flight/filter?price=0-10372&travel=CCU-BOM : ::1
2025-04-23 00:55:36 [right meow!] info: GET : http : localhost : /airplane/api/flight/filter?price=0-10372&travel=CCU-BOM : ::1
2025-04-23 00:55:36 [right meow!] info: GET : http : localhost : /airplane/api/flight/filter?price=0-10372&travel=CCU-BOM : ::1
2025-04-23 00:55:36 [right meow!] info: GET : http : localhost : /airplane/api/flight/filter?price=0-10372&travel=CCU-BOM : ::1
2025-04-23 00:55:36 [right meow!] info: GET : http : localhost : /airplane/api/flight/filter?price=0-8659&travel=CCU-BOM : ::1
2025-04-23 00:55:38 [right meow!] info: GET : http : localhost : /airplane/api/flight/filter?price=0-4516&travel=CCU-BOM : ::1
2025-04-23 01:00:23 [right meow!] info: GET : http : localhost : /airplane/api/flight/filter?candidate=1&travel=CCU-BOM : ::1
2025-04-23 01:01:37 [right meow!] info: GET : http : localhost : /airplane/api/flight/filter?candidate=1&travel=CCU-BOM : ::1
2025-04-23 01:06:07 [right meow!] info: GET : http : localhost : /airplane/api/flight/filter?candidate=1&travel=CCU-BOM : ::1
2025-04-23 01:07:31 [right meow!] info: GET : http : localhost : /airplane/api/flight/filter?candidate=1&travel=CCU-BOM : ::1
2025-04-23 01:08:39 [right meow!] info: GET : http : localhost : /airplane/api/flight/filter?candidate=1&travel=CCU-BOM : ::1
2025-04-23 01:09:00 [right meow!] info: GET : http : localhost : /airplane/api/flight/filter?candidate=1&travel=CCU-BOM : ::1
2025-04-23 01:10:17 [right meow!] info: GET : http : localhost : /airplane/api/flight/filter?candidate=1&travel=CCU-BOM : ::1
2025-04-23 01:13:39 [right meow!] info: GET : http : localhost : /airplane/api/flight/filter?candidate=1&travel=CCU-BOM : ::1
2025-04-23 01:14:17 [right meow!] info: GET : http : localhost : /airplane/api/flight/filter?candidate=1&travel=CCU-BOM : ::1
2025-04-23 10:54:30 [right meow!] info: GET : http : localhost : /airplane/api/flight/filter?candidate=1&travel=CCU-BOM : ::1
2025-04-23 10:54:49 [right meow!] info: GET : http : localhost : /airplane/api/flight/filter?candidate=1&travel=CCU-BOM : ::1
2025-04-23 10:59:54 [right meow!] info: GET : http : localhost : /airplane/api/flight/filter?candidate=1&travel=CCU-BOM : ::1
2025-04-23 11:06:46 [right meow!] info: GET : http : localhost : /airplane/api/flight/filter?candidate=1&travel=CCU-BOM : ::1
2025-04-23 11:21:14 [right meow!] info: GET : http : localhost : /airplane/api/flight/filter?candidate=1&price=0-5000&travel=- : ::1
2025-04-23 11:21:54 [right meow!] info: GET : http : localhost : /airplane/api/flight/filter?candidate=1&travel=CCU-DEL : ::1
2025-04-23 11:22:04 [right meow!] info: GET : http : localhost : /airplane/api/flight/filter?candidate=1&price=0-4000&travel=CCU-DEL : ::1
2025-04-23 11:22:19 [right meow!] info: GET : http : localhost : /airplane/api/flight/filter?candidate=1&price=4000-12000&travel=CCU-DEL : ::1
2025-04-23 11:25:52 [right meow!] info: GET : http : localhost : /airplane/api/flight/filter?candidate=1&travel=BOM-CCU : ::1
2025-04-23 11:26:01 [right meow!] info: GET : http : localhost : /airplane/api/flight/filter?candidate=1&price=0-4000&travel=BOM-CCU : ::1
2025-04-23 11:26:55 [right meow!] info: GET : http : localhost : /airplane/api/flight/filter?candidate=1&price=0-4000&travel=BOM-CCU : ::1
2025-04-23 11:27:09 [right meow!] info: GET : http : localhost : /airplane/api/flight/filter?candidate=1&price=0-4000&travel=BOM-CCU : ::1
2025-04-23 11:27:10 [right meow!] info: GET : http : localhost : /airplane/api/flight/filter?candidate=1&price=0-4000&travel=BOM-CCU : ::1
2025-04-23 11:27:29 [right meow!] info: GET : http : localhost : /airplane/api/flight/filter?candidate=1&travel=BOM-CCU : ::1
2025-04-23 11:28:33 [right meow!] info: GET : http : localhost : /airplane/api/flight/filter?price=0-8000&travel=- : ::1
2025-04-23 11:32:00 [right meow!] info: GET : http : localhost : /airplane/api/flight/filter?candidate=1&travel=BOM-DEL : ::1
2025-04-23 11:32:12 [right meow!] info: GET : http : localhost : /airplane/api/flight/filter?price=0-5000&travel=BOM-DEL : ::1
2025-04-23 11:32:19 [right meow!] info: GET : http : localhost : /airplane/api/flight/filter?candidate=1&travel=BOM-DEL : ::1
2025-04-23 11:32:56 [right meow!] info: GET : http : localhost : /airplane/api/flight/filter?candidate=1&travel=- : ::1
2025-04-23 11:33:10 [right meow!] info: GET : http : localhost : /airplane/api/flight/filter?candidate=2&travel=CCU-BOM : ::1
2025-04-23 11:33:31 [right meow!] info: GET : http : localhost : /airplane/api/flight/filter?candidate=2&price=0-5000&travel=CCU-BOM : ::1
2025-04-23 11:33:33 [right meow!] info: GET : http : localhost : /airplane/api/flight/filter?candidate=2&travel=CCU-BOM : ::1
2025-04-23 11:33:41 [right meow!] info: GET : http : localhost : /airplane/api/flight/filter?candidate=2&price=0-5000&travel=- : ::1
2025-04-23 11:37:42 [right meow!] info: GET : http : localhost : /airplane/api/flight/filter?candidate=1&travel=CCU-BOM : ::1
2025-04-23 11:37:53 [right meow!] info: GET : http : localhost : /airplane/api/flight/filter?candidate=1&price=0-5000&travel=CCU-BOM : ::1
2025-04-23 11:38:04 [right meow!] info: GET : http : localhost : /airplane/api/flight/filter?candidate=1&price=0-5000&price=0-12000&travel=CCU-BOM : ::1
2025-04-23 11:38:07 [right meow!] info: GET : http : localhost : /airplane/api/flight/filter?candidate=1&price=0-5000&price=0-12000&price=0-12000&travel=CCU-BOM : ::1
2025-04-23 11:38:13 [right meow!] info: GET : http : localhost : /airplane/api/flight/filter?candidate=1&price=0-5000&price=0-12000&price=0-12000&price=0-12000&travel=CCU-BOM : ::1
2025-04-23 11:38:14 [right meow!] info: GET : http : localhost : /airplane/api/flight/filter?candidate=1&price=0-5000&price=0-12000&price=0-12000&price=0-12000&price=0-12000&travel=CCU-BOM : ::1
2025-04-23 11:38:14 [right meow!] info: GET : http : localhost : /airplane/api/flight/filter?candidate=1&price=0-5000&price=0-12000&price=0-12000&price=0-12000&price=0-12000&price=0-12000&travel=CCU-BOM : ::1
2025-04-23 11:38:14 [right meow!] info: GET : http : localhost : /airplane/api/flight/filter?candidate=1&price=0-5000&price=0-12000&price=0-12000&price=0-12000&price=0-12000&price=0-12000&price=0-12000&travel=CCU-BOM : ::1
2025-04-23 11:38:15 [right meow!] info: GET : http : localhost : /airplane/api/flight/filter?candidate=1&price=0-5000&price=0-12000&price=0-12000&price=0-12000&price=0-12000&price=0-12000&price=0-12000&price=0-12000&travel=CCU-BOM : ::1
2025-04-23 11:38:15 [right meow!] info: GET : http : localhost : /airplane/api/flight/filter?candidate=1&price=0-5000&price=0-12000&price=0-12000&price=0-12000&price=0-12000&price=0-12000&price=0-12000&price=0-12000&price=0-12000&travel=CCU-BOM : ::1
2025-04-23 11:38:15 [right meow!] info: GET : http : localhost : /airplane/api/flight/filter?candidate=1&price=0-5000&price=0-12000&price=0-12000&price=0-12000&price=0-12000&price=0-12000&price=0-12000&price=0-12000&price=0-12000&price=0-12000&travel=CCU-BOM : ::1
2025-04-23 11:38:16 [right meow!] info: GET : http : localhost : /airplane/api/flight/filter?candidate=1&price=0-5000&price=0-12000&price=0-12000&price=0-12000&price=0-12000&price=0-12000&price=0-12000&price=0-12000&price=0-12000&price=0-12000&price=0-12000&travel=CCU-BOM : ::1
2025-04-23 11:38:16 [right meow!] info: GET : http : localhost : /airplane/api/flight/filter?candidate=1&price=0-5000&price=0-12000&price=0-12000&price=0-12000&price=0-12000&price=0-12000&price=0-12000&price=0-12000&price=0-12000&price=0-12000&price=0-12000&price=0-12000&travel=CCU-BOM : ::1
2025-04-23 11:38:17 [right meow!] info: GET : http : localhost : /airplane/api/flight/filter?candidate=1&travel=- : ::1
2025-04-23 11:38:19 [right meow!] info: GET : http : localhost : /airplane/api/flight/filter?candidate=1&travel=- : ::1
2025-04-23 11:38:20 [right meow!] info: GET : http : localhost : /airplane/api/flight/filter?candidate=1&travel=- : ::1
2025-04-23 11:38:21 [right meow!] info: GET : http : localhost : /airplane/api/flight/filter?candidate=1&travel=- : ::1
2025-04-23 11:38:26 [right meow!] info: GET : http : localhost : /airplane/api/flight/filter?candidate=1&travel=CCU-BOM : ::1
2025-04-23 11:38:27 [right meow!] info: GET : http : localhost : /airplane/api/flight/filter?candidate=1&travel=CCU-BOM : ::1
2025-04-23 11:38:28 [right meow!] info: GET : http : localhost : /airplane/api/flight/filter?candidate=1&travel=CCU-BOM : ::1
2025-04-23 11:38:28 [right meow!] info: GET : http : localhost : /airplane/api/flight/filter?candidate=1&travel=CCU-BOM : ::1
2025-04-23 11:39:37 [right meow!] info: GET : http : localhost : /airplane/api/flight/filter?candidate=1&travel=CCU-BOM : ::1
2025-04-23 11:39:41 [right meow!] info: GET : http : localhost : /airplane/api/flight/filter?candidate=1&price=0-12000&travel=CCU-BOM : ::1
2025-04-23 11:39:42 [right meow!] info: GET : http : localhost : /airplane/api/flight/filter?candidate=1&price=0-12000&price=0-12000&travel=CCU-BOM : ::1
2025-04-23 11:40:19 [right meow!] info: GET : http : localhost : /airplane/api/flight/filter?candidate=1&price=0-12000&price=0-12000&price=0-12000&travel=CCU-BOM : ::1
2025-04-23 11:40:42 [right meow!] info: GET : http : localhost : /airplane/api/flight/filter?candidate=1&travel=CCU-BOM : ::1
2025-04-23 11:41:04 [right meow!] info: GET : http : localhost : /airplane/api/flight/filter?candidate=1&travel=CCU-BOM : ::1
2025-04-23 12:22:27 [right meow!] info: GET : http : localhost : /airplane/api/flight/filter?candidate=1&price=0-12000&price=0-10000&travel=CCU-BOM : ::1
2025-04-23 12:22:28 [right meow!] info: GET : http : localhost : /airplane/api/flight/filter?candidate=1&price=0-12000&price=0-10000&price=0-10000&travel=CCU-BOM : ::1
2025-04-23 12:23:29 [right meow!] info: GET : http : localhost : /airplane/api/flight/filter?candidate=1&travel=CCU-BOM : ::1
2025-04-23 12:24:03 [right meow!] info: GET : http : localhost : /airplane/api/flight/filter?candidate=1&travel=BOM-CCU : ::1
2025-04-23 12:24:21 [right meow!] info: GET : http : localhost : /airplane/api/flight/filter?candidate=1&price=0-8000&travel=BOM-CCU : ::1
2025-04-23 12:25:38 [right meow!] info: GET : http : localhost : /airplane/api/flight/filter?candidate=1&travel=CCU-BOM : ::1
2025-04-23 12:25:48 [right meow!] info: GET : http : localhost : /airplane/api/flight/filter?candidate=1&price=0-5000&travel=CCU-BOM : ::1
2025-04-23 12:25:55 [right meow!] info: GET : http : localhost : /airplane/api/flight/filter?candidate=1&price=0-10000&travel=CCU-BOM : ::1
2025-04-23 12:26:02 [right meow!] info: GET : http : localhost : /airplane/api/flight/filter?candidate=1&price=0-12000&travel=CCU-BOM : ::1
2025-04-23 12:26:11 [right meow!] info: GET : http : localhost : /airplane/api/flight/filter?candidate=1&price=0-5000&travel=CCU-BOM : ::1
2025-04-23 12:26:18 [right meow!] info: GET : http : localhost : /airplane/api/flight/filter?candidate=1&price=0-12000&travel=CCU-BOM : ::1
2025-04-23 12:41:45 [right meow!] info: GET : http : localhost : /airplane/api/flight/by-id/66485 : ::1
2025-04-23 12:41:48 [right meow!] info: GET : http : localhost : /airplane/api/flight/by-id/66485 : ::1
2025-04-23 12:42:28 [right meow!] info: GET : http : localhost : /airplane/api/flight/by-id/66485 : ::1
2025-04-23 12:42:29 [right meow!] info: GET : http : localhost : /airplane/api/flight/by-id/66485 : ::1
2025-04-23 12:43:31 [right meow!] info: GET : http : localhost : /airplane/api/flight/by-id/66485 : ::1
2025-04-23 12:43:36 [right meow!] info: GET : http : localhost : /airplane/api/flight/by-id/66485 : ::1
2025-04-23 12:54:02 [right meow!] info: GET : http : localhost : /airplane/api/flight/by-id/66485 : ::1
2025-04-23 12:54:28 [right meow!] info: GET : http : localhost : /airplane/api/flight/by-id/66485 : ::1
2025-04-23 12:54:31 [right meow!] info: GET : http : localhost : /airplane/api/flight/by-id/66485 : ::1
2025-04-23 12:55:55 [right meow!] info: GET : http : localhost : /airplane/api/flight/filter?candidate=2&travel=CCU-BOM : ::1
2025-04-23 12:55:58 [right meow!] info: GET : http : localhost : /airplane/api/flight/by-id/66483 : ::1
2025-04-23 12:55:58 [right meow!] info: GET : http : localhost : /airplane/api/flight/by-id/66483 : ::1
2025-04-23 13:20:26 [right meow!] info: GET : http : localhost : /airplane/api/flight/by-id/66483 : ::1
2025-04-23 13:20:31 [right meow!] info: GET : http : localhost : /airplane/api/flight/by-id/66483 : ::1
2025-04-23 13:20:59 [right meow!] info: GET : http : localhost : /airplane/api/flight/by-id/66483 : ::1
2025-04-23 13:21:01 [right meow!] info: GET : http : localhost : /airplane/api/flight/by-id/66483 : ::1
2025-04-23 13:21:08 [right meow!] info: GET : http : localhost : /airplane/api/flight/by-id/66483 : ::1
2025-04-23 13:21:11 [right meow!] info: GET : http : localhost : /airplane/api/flight/by-id/66483 : ::1
2025-04-23 13:21:16 [right meow!] info: GET : http : localhost : /airplane/api/flight/by-id/66483 : ::1
2025-04-23 13:21:23 [right meow!] info: GET : http : localhost : /airplane/api/flight/by-id/66483 : ::1
2025-04-23 13:21:42 [right meow!] info: GET : http : localhost : /airplane/api/flight/by-id/66483 : ::1
2025-04-23 13:21:48 [right meow!] info: GET : http : localhost : /airplane/api/flight/by-id/66483 : ::1
2025-04-23 13:21:54 [right meow!] info: GET : http : localhost : /airplane/api/flight/by-id/66483 : ::1
2025-04-23 13:21:57 [right meow!] info: GET : http : localhost : /airplane/api/flight/by-id/66483 : ::1
2025-04-23 13:22:06 [right meow!] info: GET : http : localhost : /airplane/api/flight/by-id/66483 : ::1
2025-04-23 13:22:26 [right meow!] info: GET : http : localhost : /airplane/api/flight/filter?candidate=1&travel=CCU-BOM : ::1
2025-04-23 13:22:30 [right meow!] info: GET : http : localhost : /airplane/api/flight/by-id/66485 : ::1
2025-04-23 13:22:30 [right meow!] info: GET : http : localhost : /airplane/api/flight/by-id/66485 : ::1
2025-04-23 13:22:55 [right meow!] info: GET : http : localhost : /airplane/api/flight/filter?candidate=3&travel=CCU-BOM : ::1
2025-04-23 13:22:57 [right meow!] info: GET : http : localhost : /airplane/api/flight/by-id/66485 : ::1
2025-04-23 13:22:57 [right meow!] info: GET : http : localhost : /airplane/api/flight/by-id/66485 : ::1
2025-04-23 13:27:00 [right meow!] info: GET : http : localhost : /airplane/api/flight/filter?candidate=1&travel=CCU-BOM : ::1
2025-04-23 13:27:31 [right meow!] info: GET : http : localhost : /airplane/api/flight/filter?candidate=1&price=0-6000&travel=CCU-BOM : ::1
2025-04-23 13:27:34 [right meow!] info: GET : http : localhost : /airplane/api/flight/by-id/66485 : ::1
2025-04-23 13:27:34 [right meow!] info: GET : http : localhost : /airplane/api/flight/by-id/66485 : ::1
2025-04-23 13:32:03 [right meow!] info: GET : http : localhost : /airplane/api/flight/by-id/66485 : ::1
2025-04-23 13:32:54 [right meow!] info: GET : http : localhost : /airplane/api/flight/by-id/66485 : ::1
2025-04-24 09:36:59 [right meow!] info: GET : http : localhost : /airplane/api/flight/filter?candidate=1&travel=CCU-BOM : ::1
2025-04-24 09:37:01 [right meow!] info: GET : http : localhost : /airplane/api/flight/filter?candidate=1&travel=CCU-BOM : ::1
2025-04-24 09:40:12 [right meow!] info: GET : http : localhost : /airplane/api/flight/filter?candidate=1&travel=CCU-BOM : ::1
2025-04-24 09:40:18 [right meow!] info: GET : http : localhost : /airplane/api/flight/by-id/70831 : ::1
2025-04-24 09:40:18 [right meow!] info: GET : http : localhost : /airplane/api/flight/by-id/70831 : ::1
2025-04-24 09:44:44 [right meow!] info: GET : http : localhost : /airplane/api/flight/by-id/70831 : ::1
2025-04-24 09:47:05 [right meow!] info: GET : http : localhost : /airplane/api/flight/by-id/70831 : ::1
2025-04-24 09:47:06 [right meow!] info: GET : http : localhost : /airplane/api/flight/by-id/70831 : ::1
2025-04-24 09:47:19 [right meow!] info: GET : http : localhost : /airplane/api/flight/by-id/70831 : ::1
2025-04-24 09:47:21 [right meow!] info: GET : http : localhost : /airplane/api/flight/by-id/70831 : ::1
2025-04-24 09:47:26 [right meow!] info: GET : http : localhost : /airplane/api/flight/by-id/70831 : ::1
2025-04-24 09:47:30 [right meow!] info: GET : http : localhost : /airplane/api/flight/by-id/70831 : ::1
2025-04-24 09:47:31 [right meow!] info: GET : http : localhost : /airplane/api/flight/by-id/70831 : ::1
2025-04-24 09:47:32 [right meow!] info: GET : http : localhost : /airplane/api/flight/by-id/70831 : ::1
2025-04-24 09:47:33 [right meow!] info: GET : http : localhost : /airplane/api/flight/by-id/70831 : ::1
2025-04-24 09:47:36 [right meow!] info: GET : http : localhost : /airplane/api/flight/by-id/70831 : ::1
2025-04-24 09:47:37 [right meow!] info: GET : http : localhost : /airplane/api/flight/by-id/70831 : ::1
2025-04-24 09:47:39 [right meow!] info: GET : http : localhost : /airplane/api/flight/by-id/70831 : ::1
2025-04-24 09:47:52 [right meow!] info: GET : http : localhost : /airplane/api/flight/by-id/70831 : ::1
2025-04-24 09:47:53 [right meow!] info: GET : http : localhost : /airplane/api/flight/by-id/70831 : ::1
2025-04-24 09:47:59 [right meow!] info: GET : http : localhost : /airplane/api/flight/by-id/70831 : ::1
2025-04-24 09:48:11 [right meow!] info: GET : http : localhost : /airplane/api/flight/by-id/70831 : ::1
2025-04-24 09:48:12 [right meow!] info: GET : http : localhost : /airplane/api/flight/by-id/70831 : ::1
2025-04-24 09:48:18 [right meow!] info: GET : http : localhost : /airplane/api/flight/by-id/70831 : ::1
2025-04-24 09:48:31 [right meow!] info: GET : http : localhost : /airplane/api/flight/by-id/70831 : ::1
2025-04-24 09:48:32 [right meow!] info: GET : http : localhost : /airplane/api/flight/by-id/70831 : ::1
2025-04-24 09:48:37 [right meow!] info: GET : http : localhost : /airplane/api/flight/by-id/70831 : ::1
2025-04-24 09:48:42 [right meow!] info: GET : http : localhost : /airplane/api/flight/by-id/70831 : ::1
2025-04-24 09:48:43 [right meow!] info: GET : http : localhost : /airplane/api/flight/by-id/70831 : ::1
2025-04-24 09:49:11 [right meow!] info: GET : http : localhost : /airplane/api/flight/by-id/70831 : ::1
2025-04-24 09:49:12 [right meow!] info: GET : http : localhost : /airplane/api/flight/by-id/70831 : ::1
2025-04-24 09:49:13 [right meow!] info: GET : http : localhost : /airplane/api/flight/by-id/70831 : ::1
2025-04-24 09:49:14 [right meow!] info: GET : http : localhost : /airplane/api/flight/by-id/70831 : ::1
2025-04-24 09:49:15 [right meow!] info: GET : http : localhost : /airplane/api/flight/by-id/70831 : ::1
2025-04-24 09:49:20 [right meow!] info: GET : http : localhost : /airplane/api/flight/by-id/70831 : ::1
2025-04-24 09:49:21 [right meow!] info: GET : http : localhost : /airplane/api/flight/by-id/70831 : ::1
2025-04-24 09:49:22 [right meow!] info: GET : http : localhost : /airplane/api/flight/by-id/70831 : ::1
2025-04-24 09:49:24 [right meow!] info: GET : http : localhost : /airplane/api/flight/by-id/70831 : ::1
2025-04-24 09:49:25 [right meow!] info: GET : http : localhost : /airplane/api/flight/by-id/70831 : ::1
2025-04-24 09:49:26 [right meow!] info: GET : http : localhost : /airplane/api/flight/by-id/70831 : ::1
2025-04-24 09:49:27 [right meow!] info: GET : http : localhost : /airplane/api/flight/by-id/70831 : ::1
2025-04-24 09:49:28 [right meow!] info: GET : http : localhost : /airplane/api/flight/by-id/70831 : ::1
2025-04-24 09:49:29 [right meow!] info: GET : http : localhost : /airplane/api/flight/by-id/70831 : ::1
2025-04-24 09:49:30 [right meow!] info: GET : http : localhost : /airplane/api/flight/by-id/70831 : ::1
2025-04-24 09:49:35 [right meow!] info: GET : http : localhost : /airplane/api/flight/by-id/70831 : ::1
2025-04-24 09:49:52 [right meow!] info: GET : http : localhost : /airplane/api/flight/by-id/70833 : ::1
2025-04-24 09:49:52 [right meow!] info: GET : http : localhost : /airplane/api/flight/by-id/70833 : ::1
2025-04-24 09:54:31 [right meow!] info: GET : http : localhost : /airplane/api/flight/by-id/70833 : ::1
2025-04-24 09:54:33 [right meow!] info: GET : http : localhost : /airplane/api/flight/by-id/70833 : ::1
2025-04-24 10:00:00 [right meow!] info: GET : http : localhost : /airplane/api/flight/by-id/70833 : ::1
2025-04-24 10:00:29 [right meow!] info: GET : http : localhost : /airplane/api/flight/filter?candidate=3&date=25-04-2025&travel=BOM-DEL : ::1
2025-04-24 10:00:37 [right meow!] info: GET : http : localhost : /airplane/api/flight/filter?candidate=3&date=24-04-2025&travel=BOM-DEL : ::1
2025-04-24 10:00:51 [right meow!] info: GET : http : localhost : /airplane/api/flight/filter?candidate=3&date=24-04-2025&price=0-6000&travel=BOM-DEL : ::1
2025-04-24 10:00:54 [right meow!] info: GET : http : localhost : /airplane/api/flight/by-id/70515 : ::1
2025-04-24 10:00:54 [right meow!] info: GET : http : localhost : /airplane/api/flight/by-id/70515 : ::1
2025-04-24 10:01:44 [right meow!] info: POST : http : localhost : /book/api/book/flight-booking : ::1
2025-04-24 10:05:15 [right meow!] info: POST : http : localhost : /book/api/book/flight-booking : ::1
2025-04-24 10:06:33 [right meow!] info: POST : http : localhost : /book/api/book/flight-booking : ::1
2025-04-24 10:10:28 [right meow!] info: POST : http : localhost : /book/api/book/flight-booking : ::1
2025-04-24 10:16:28 [right meow!] info: POST : http : localhost : /user/api/user/login : ::1
2025-04-24 10:17:07 [right meow!] info: GET : http : localhost : /airplane/api/flight/by-id/70513 : ::1
2025-04-24 10:17:07 [right meow!] info: GET : http : localhost : /airplane/api/flight/by-id/70513 : ::1
2025-04-24 10:17:27 [right meow!] info: POST : http : localhost : /book/api/book/flight-booking : ::1
2025-04-24 10:23:18 [right meow!] info: GET : http : localhost : /airplane/api/flight/by-id/undefined : ::1
2025-04-24 10:23:19 [right meow!] info: GET : http : localhost : /airplane/api/flight/by-id/70513 : ::1
2025-04-24 10:23:26 [right meow!] info: GET : http : localhost : /airplane/api/flight/by-id/70513 : ::1
2025-04-24 10:35:54 [right meow!] info: GET : http : localhost : /airplane/api/flight/by-id/70513 : ::1
2025-04-24 10:37:57 [right meow!] info: GET : http : localhost : /airplane/api/flight/by-id/70513 : ::1
2025-04-24 10:49:51 [right meow!] info: GET : http : localhost : /airplane/api/flight/by-id/70513 : ::1
2025-04-24 10:50:47 [right meow!] info: GET : http : localhost : /airplane/api/flight/by-id/70513 : ::1
2025-04-24 10:51:37 [right meow!] info: GET : http : localhost : /airplane/api/flight/filter?candidate=1&date=25-04-2025&travel=CCU-BOM : ::1
2025-04-24 10:51:41 [right meow!] info: GET : http : localhost : /airplane/api/flight/by-id/75185 : ::1
2025-04-24 10:51:41 [right meow!] info: GET : http : localhost : /airplane/api/flight/by-id/75185 : ::1
2025-04-24 10:51:54 [right meow!] info: POST : http : localhost : /book/api/book/flight-booking : ::1
2025-04-24 10:51:54 [right meow!] info: GET : http : localhost : /airplane/api/flight/by-id/75185 : ::1
2025-04-24 10:51:54 [right meow!] info: GET : http : localhost : /airplane/api/flight/by-id/75185 : ::1
2025-04-24 10:54:56 [right meow!] info: GET : http : localhost : /airplane/api/flight/by-id/75185 : ::1
2025-04-24 10:56:03 [right meow!] info: POST : http : localhost : /book/api/Payment/27 : ::1
2025-04-24 10:57:26 [right meow!] info: POST : http : localhost : /book/api/Payment/27 : ::1
2025-04-24 11:00:01 [right meow!] info: POST : http : localhost : /book/api/Payment/27 : ::1
2025-04-24 11:11:42 [right meow!] info: GET : http : localhost : /airplane/api/flight/by-id/75185 : ::1
2025-04-24 11:11:44 [right meow!] info: POST : http : localhost : /book/api/Payment/27 : ::1
2025-04-24 11:12:12 [right meow!] info: POST : http : localhost : /book/api/Payment/27 : ::1
2025-04-24 11:13:57 [right meow!] info: POST : http : localhost : /book/api/Payment/27 : ::1
2025-04-24 11:14:24 [right meow!] info: POST : http : localhost : /book/api/Payment/27 : ::1
2025-04-24 11:14:51 [right meow!] info: POST : http : localhost : /book/api/Payment/27 : ::1
2025-04-24 11:17:09 [right meow!] info: POST : http : localhost : /book/api/Payment/27 : ::1
2025-04-24 11:17:52 [right meow!] info: POST : http : localhost : /book/api/Payment/27 : ::1
2025-04-24 11:29:05 [right meow!] info: GET : http : localhost : /airplane/api/flight/by-id/75185 : ::1
2025-04-24 11:29:25 [right meow!] info: GET : http : localhost : /airplane/api/flight/filter?candidate=1&travel=CCU-DEL : ::1
2025-04-24 11:29:34 [right meow!] info: GET : http : localhost : /airplane/api/flight/by-id/70553 : ::1
2025-04-24 11:29:34 [right meow!] info: GET : http : localhost : /airplane/api/flight/by-id/70553 : ::1
2025-04-24 11:29:57 [right meow!] info: POST : http : localhost : /book/api/book/flight-booking : ::1
2025-04-24 11:29:57 [right meow!] info: GET : http : localhost : /airplane/api/flight/by-id/70553 : ::1
2025-04-24 11:29:57 [right meow!] info: GET : http : localhost : /airplane/api/flight/by-id/70553 : ::1
2025-04-24 11:30:13 [right meow!] info: POST : http : localhost : /book/api/Payment/28 : ::1
2025-04-24 11:36:41 [right meow!] info: POST : http : localhost : /user/api/user/login : ::1
2025-04-24 11:39:26 [right meow!] info: POST : http : localhost : /user/api/user/login : ::1
2025-04-24 11:43:37 [right meow!] info: POST : http : localhost : /user/api/user/login : ::1
2025-04-24 12:02:59 [right meow!] info: GET : http : localhost : /book/api/book//show/booking/subhajit09111999@gmail.com : ::1
2025-04-24 12:02:59 [right meow!] info: GET : http : localhost : /book/api/book//show/booking/subhajit09111999@gmail.com : ::1
2025-04-24 12:13:36 [right meow!] info: GET : http : localhost : /book/api/book/show/booking/subhajit09111999@gmail.com : ::1
2025-04-24 12:13:41 [right meow!] info: POST : http : localhost : /book/api/book//cancle/22 : ::1
2025-04-24 12:14:05 [right meow!] info: GET : http : localhost : /book/api/book/show/booking/subhajit09111999@gmail.com : ::1
2025-04-24 12:14:43 [right meow!] info: GET : http : localhost : /book/api/book/show/booking/subhajit09111999@gmail.com : ::1
2025-04-24 12:16:39 [right meow!] info: GET : http : localhost : /book/api/book/show/booking/subhajit09111999@gmail.com : ::1
2025-04-24 12:22:02 [right meow!] info: GET : http : localhost : /book/api/book/show/booking/subhajit09111999@gmail.com : ::1
2025-04-24 12:22:04 [right meow!] info: POST : http : localhost : /user/api/user/logout : ::1
2025-04-24 12:22:08 [right meow!] info: GET : http : localhost : /book/api/book/show/booking/subhajit09111999@gmail.com : ::1
2025-04-24 12:22:32 [right meow!] info: GET : http : localhost : /book/api/book/show/booking/subhajit09111999@gmail.com : ::1
2025-04-24 12:22:55 [right meow!] info: POST : http : localhost : /user/api/user/login : ::1
2025-04-24 12:23:08 [right meow!] info: GET : http : localhost : /airplane/api/flight/filter?candidate=2&date=25-04-2025&travel=CCU-BOM : ::1
2025-04-24 12:23:16 [right meow!] info: GET : http : localhost : /airplane/api/flight/by-id/75185 : ::1
2025-04-24 12:23:16 [right meow!] info: GET : http : localhost : /airplane/api/flight/by-id/75185 : ::1
2025-04-24 12:23:32 [right meow!] info: POST : http : localhost : /book/api/book/flight-booking : ::1
2025-04-24 12:23:32 [right meow!] info: GET : http : localhost : /airplane/api/flight/by-id/75185 : ::1
2025-04-24 12:23:32 [right meow!] info: GET : http : localhost : /airplane/api/flight/by-id/75185 : ::1
2025-04-24 12:23:35 [right meow!] info: POST : http : localhost : /book/api/Payment/29 : ::1
2025-04-24 12:24:19 [right meow!] info: GET : http : localhost : /airplane/api/flight/by-id/75185 : ::1
2025-04-24 12:24:20 [right meow!] info: GET : http : localhost : /airplane/api/flight/by-id/75185 : ::1
2025-04-24 12:26:02 [right meow!] info: GET : http : localhost : /airplane/api/flight/by-id/75185 : ::1
2025-04-24 12:26:04 [right meow!] info: GET : http : localhost : /airplane/api/flight/by-id/75185 : ::1
2025-04-24 12:26:07 [right meow!] info: GET : http : localhost : /airplane/api/flight/by-id/75185 : ::1
2025-04-24 12:26:08 [right meow!] info: GET : http : localhost : /airplane/api/flight/by-id/75185 : ::1
2025-04-24 12:26:11 [right meow!] info: GET : http : localhost : /airplane/api/flight/by-id/75185 : ::1
2025-04-24 12:26:44 [right meow!] info: GET : http : localhost : /airplane/api/flight/by-id/75185 : ::1
2025-04-24 12:26:46 [right meow!] info: GET : http : localhost : /book/api/book/show/booking/subhajit09111999@gmail.com : ::1
2025-04-24 12:26:46 [right meow!] info: GET : http : localhost : /book/api/book/show/booking/subhajit09111999@gmail.com : ::1
2025-04-24 12:26:52 [right meow!] info: POST : http : localhost : /user/api/user/logout : ::1
2025-04-24 12:27:59 [right meow!] info: GET : http : localhost : /airplane/api/flight/filter?candidate=1&date=25-04-2025&travel=CCU-BLR : ::1
2025-04-24 12:28:23 [right meow!] info: GET : http : localhost : /airplane/api/flight/filter?candidate=1&date=25-04-2025&price=0-8000&travel=CCU-BLR : ::1
2025-04-24 12:28:32 [right meow!] info: GET : http : localhost : /airplane/api/flight/filter?candidate=1&date=25-04-2025&price=7000-8000&travel=CCU-BLR : ::1
2025-04-24 12:28:35 [right meow!] info: GET : http : localhost : /airplane/api/flight/by-id/75453 : ::1
2025-04-24 12:28:35 [right meow!] info: GET : http : localhost : /airplane/api/flight/by-id/75453 : ::1
2025-04-24 12:28:53 [right meow!] info: POST : http : localhost : /book/api/book/flight-booking : ::1
2025-04-24 12:29:07 [right meow!] info: POST : http : localhost : /user/api/user/sign-up : ::1
2025-04-24 12:29:13 [right meow!] info: GET : http : localhost : /airplane/api/flight/by-id/75455 : ::1
2025-04-24 12:29:13 [right meow!] info: GET : http : localhost : /airplane/api/flight/by-id/75455 : ::1
2025-04-24 12:29:41 [right meow!] info: POST : http : localhost : /book/api/book/flight-booking : ::1
2025-04-24 12:29:41 [right meow!] info: GET : http : localhost : /airplane/api/flight/by-id/75455 : ::1
2025-04-24 12:29:41 [right meow!] info: GET : http : localhost : /airplane/api/flight/by-id/75455 : ::1
2025-04-24 12:29:54 [right meow!] info: POST : http : localhost : /book/api/Payment/30 : ::1
2025-04-24 12:29:57 [right meow!] info: GET : http : localhost : /book/api/book/show/booking/arijitm717@gmail.com : ::1
2025-04-24 12:29:57 [right meow!] info: GET : http : localhost : /book/api/book/show/booking/arijitm717@gmail.com : ::1
2025-04-24 12:31:04 [right meow!] info: POST : http : localhost : /book/api/book//cancle/30 : ::1
2025-04-24 12:32:37 [right meow!] info: GET : http : localhost : /airplane/api/flight/filter?candidate=1&travel=BOM-DEL : ::1
2025-04-24 12:32:48 [right meow!] info: GET : http : localhost : /airplane/api/flight/filter?candidate=1&price=0-5000&travel=BOM-DEL : ::1
2025-04-24 12:33:14 [right meow!] info: GET : http : localhost : /airplane/api/flight/filter?candidate=2&date=25-04-2025&travel=BOM-CCU : ::1
2025-04-24 12:33:59 [right meow!] info: GET : http : localhost : /book/api/book/show/booking/arijitm717@gmail.com : ::1
2025-04-24 12:33:59 [right meow!] info: GET : http : localhost : /book/api/book/show/booking/arijitm717@gmail.com : ::1
2025-04-24 12:34:18 [right meow!] info: GET : http : localhost : /book/api/book/show/booking/arijitm717@gmail.com : ::1
2025-04-24 12:34:18 [right meow!] info: GET : http : localhost : /book/api/book/show/booking/arijitm717@gmail.com : ::1
2025-04-24 12:36:30 [right meow!] info: GET : http : localhost : /book/api/book/show/booking/arijitm717@gmail.com : ::1
2025-04-24 12:36:30 [right meow!] info: GET : http : localhost : /book/api/book/show/booking/arijitm717@gmail.com : ::1
2025-04-24 12:36:46 [right meow!] info: POST : http : localhost : /book/api/book/cancle/21 : ::1
2025-04-24 12:36:51 [right meow!] info: GET : http : localhost : /book/api/book/show/booking/arijitm717@gmail.com : ::1
